-------------------------------------------------------------------------------
Test set: ctcotest.CtcoTest
-------------------------------------------------------------------------------
Tests run: 1, Failures: 1, Errors: 0, Skipped: 0, Time elapsed: 15.255 s <<< FAILURE! - in ctcotest.CtcoTest
test(ctcotest.CtcoTest)  Time elapsed: 15.232 s  <<< FAILURE!
java.lang.AssertionError: invalid skill count expected:<9> but was:<8>
	at ctcotest.CtcoTest.test(CtcoTest.java:113)

